<?xml version="1.0" encoding="UTF-8"?>
<!-- Generated by org.testng.reporters.JUnitReportReporter -->
<testsuite hostname="QT-INBG-LT0484" failures="0" tests="1" name="Automation.MobileWorld.Mobile_application" time="11.367" errors="0" timestamp="2022-08-01T09:10:14 IST" skipped="0">
  <testcase classname="Automation.MobileWorld.Mobile_application" name="Mobile" time="11.367"/>
  <system-out/>
</testsuite> <!-- Automation.MobileWorld.Mobile_application -->
